C51 COMPILER V9.60.0.0   LCD                                                               04/11/2023 20:08:58 PAGE 1   


C51 COMPILER V9.60.0.0, COMPILATION OF MODULE LCD
OBJECT MODULE PLACED IN lcd.OBJ
COMPILER INVOKED BY: C:\Dpan\Keil5\C51\BIN\C51.EXE lcd.c OPTIMIZE(8,SPEED) BROWSE DEBUG OBJECTEXTEND TABS(2)

line level    source

   1          //头部 延时 数据 命令 初始 显示 主体
   2          
   3          #include <reg51.h>
   4          sbit RS=P3^5;
   5          sbit RW=P3^6;
   6          sbit E=P3^7;
   7          unsigned char str[]={"   WARNING!!!   "};//警告
   8          unsigned char sz[]={"About to explode"};//要爆炸了
   9          
  10          void delay(unsigned char w)
  11          {
  12   1       unsigned int c=0,f=0;
  13   1       for(c=0;c<w;c++)
  14   1       {
  15   2        for(f=0;f<120;f++);
  16   2       }
  17   1      }
  18          
  19          void writedat(unsigned char dat)//写数据   write(写作....)
  20          {
  21   1       RS=1;
  22   1       RW=0;
  23   1       E=0;
  24   1       P1=dat;
  25   1       //delay(5); 没有这个延时将会同步显示内容
  26   1       E=1;
  27   1       E=0;
  28   1      }
  29          
  30          void writecom(unsigned char com)//写命令
  31          {
  32   1       RS=0;
  33   1       RW=0;
  34   1       E=0;
  35   1       P1=com;
  36   1       delay(5);
  37   1       E=1;
  38   1       E=0;
  39   1      }
  40          
  41          void initlcd()
  42          {
  43   1      writecom(0x38);//设置16*2的显示，5*7点阵（分辨率），8位数据接口
  44   1      writecom(0x0c);//设置开显示，不显示光标
  45   1      writecom(0x06);//写一个字符后地址加1（自动把下一个显示的位向后挪一个）
  46   1      writecom(0x01);//显示清0，数据指针清0
  47   1      }
  48          
  49          void display()
  50          {
  51   1       unsigned int q=0,t=0;//定义
  52   1       writecom(0x80);//LCD第一行的起始位置【0x80+0x40是第二行的起始位置】
  53   1       while(str[q]!='\0')//当值不等于结束符号（\0）时跳出显示，等于时往下读
  54   1       {
  55   2        writedat(str[q]);//写入字符串内的值（w）
C51 COMPILER V9.60.0.0   LCD                                                               04/11/2023 20:08:58 PAGE 2   

  56   2      //  delay(5);     
  57   2        q++;//自加,显示完一个字母后再显示下一个，诺没有自加会一直显示第一个字母
  58   2       }
  59   1       writecom(0x80+0x40);
  60   1       while(sz[t]!='\0')
  61   1       {
  62   2        writedat(sz[t]);
  63   2      //  delay(5);
  64   2        t++;
  65   2       } 
  66   1      }
  67          
  68          void main()
  69          {
  70   1       initlcd();
  71   1       while(1)
  72   1       {
  73   2        display();
  74   2       }
  75   1      }


MODULE INFORMATION:   STATIC OVERLAYABLE
   CODE SIZE        =    154    ----
   CONSTANT SIZE    =   ----    ----
   XDATA SIZE       =   ----    ----
   PDATA SIZE       =   ----    ----
   DATA SIZE        =     34       2
   IDATA SIZE       =   ----    ----
   BIT SIZE         =   ----    ----
END OF MODULE INFORMATION.


C51 COMPILATION COMPLETE.  0 WARNING(S),  0 ERROR(S)
